Traceback (most recent call last):
  File "/Users/charlottecloutier/Documents/4A/venv/lib/python3.10/site-packages/gymnasium/wrappers/rendering.py", line 303, in __init__
    import moviepy  # noqa: F401
ModuleNotFoundError: No module named 'moviepy'

The above exception was the direct cause of the following exception:

Traceback (most recent call last):
  File "/Users/charlottecloutier/Documents/4A/ECE457C/asg3/train.py", line 216, in <module>
    current_eval_env = RecordVideo(  # <== ADD THIS
  File "/Users/charlottecloutier/Documents/4A/venv/lib/python3.10/site-packages/gymnasium/wrappers/rendering.py", line 305, in __init__
    raise error.DependencyNotInstalled(
gymnasium.error.DependencyNotInstalled: MoviePy is not installed, run `pip install "gymnasium[other]"`
